[debug] [2023-03-14T03:54:10.166Z] ----------------------------------------------------------------------
[debug] [2023-03-14T03:54:10.166Z] Command:       /usr/local/bin/node /usr/local/bin/firebase init
[debug] [2023-03-14T03:54:10.167Z] CLI Version:   11.24.0
[debug] [2023-03-14T03:54:10.167Z] Platform:      darwin
[debug] [2023-03-14T03:54:10.167Z] Node Version:  v18.12.1
[debug] [2023-03-14T03:54:10.167Z] Time:          Mon Mar 13 2023 20:54:10 GMT-0700 (Pacific Daylight Time)
[debug] [2023-03-14T03:54:10.167Z] ----------------------------------------------------------------------
[debug] 
[debug] [2023-03-14T03:54:10.170Z] > command requires scopes: ["email","openid","https://www.googleapis.com/auth/cloudplatformprojects.readonly","https://www.googleapis.com/auth/firebase","https://www.googleapis.com/auth/cloud-platform"]
[debug] [2023-03-14T03:54:10.170Z] > authorizing via signed-in user (andrewle361@gmail.com)
[info] 
     ######## #### ########  ######## ########     ###     ######  ########
     ##        ##  ##     ## ##       ##     ##  ##   ##  ##       ##
     ######    ##  ########  ######   ########  #########  ######  ######
     ##        ##  ##    ##  ##       ##     ## ##     ##       ## ##
     ##       #### ##     ## ######## ########  ##     ##  ######  ########

You're about to initialize a Firebase project in this directory:

  /Users/andrewle/Documents/School/INFO-340/340-project

[info] 
=== Project Setup
[info] 
[info] First, let's associate this project directory with a Firebase project.
[info] You can create multiple project aliases by running firebase use --add, 
[info] but for now we'll just set up a default project.
[info] 
[debug] [2023-03-14T03:54:24.069Z] > refreshing access token with scopes: []
[debug] [2023-03-14T03:54:24.072Z] >>> [apiv2][query] POST https://www.googleapis.com/oauth2/v3/token [none]
[debug] [2023-03-14T03:54:24.072Z] >>> [apiv2][body] POST https://www.googleapis.com/oauth2/v3/token [omitted]
[debug] [2023-03-14T03:54:24.388Z] <<< [apiv2][status] POST https://www.googleapis.com/oauth2/v3/token 200
[debug] [2023-03-14T03:54:24.388Z] <<< [apiv2][body] POST https://www.googleapis.com/oauth2/v3/token [omitted]
[debug] [2023-03-14T03:54:24.403Z] >>> [apiv2][query] GET https://firebase.googleapis.com/v1beta1/projects pageSize=100
[debug] [2023-03-14T03:54:24.881Z] <<< [apiv2][status] GET https://firebase.googleapis.com/v1beta1/projects 200
[debug] [2023-03-14T03:54:24.882Z] <<< [apiv2][body] GET https://firebase.googleapis.com/v1beta1/projects [omitted]
[info] i  Using project jobtrackr-d910d (jobtrackr) 
[info] 
=== Hosting Setup
[info] 
[info] Your public directory is the folder (relative to your project directory) that
[info] will contain Hosting assets to be uploaded with firebase deploy. If you
[info] have a build process for your assets, use your build's output directory.
[info] 
